# JRE version: Java(TM) SE Runtime Environment (23.0+37) (build 23+37-2369)
# Java VM: Java HotSpot(TM) 64-Bit Server VM (23+37-2369, mixed mode, sharing, tiered, compressed oops, compressed class ptrs, g1 gc, windows-amd64)
GC Precious Log:
 CardTable entry size: 512
 Card Set container configuration: InlinePtr #cards 4 size 8 Array Of Cards #cards 16 size 48 Howl #buckets 8 coarsen threshold 3686 Howl Bitmap #cards 512 size 80 coarsen threshold 460 Card regions per heap region 1 cards per card region 4096
 CPUs: 4 total, 4 available
 Memory: 3998M
 Large Page Support: Disabled
 NUMA Support: Disabled
 Compressed Oops: Enabled (Zero based)
 Heap Region Size: 2M
 Heap Min Capacity: 8M
 Heap Initial Capacity: 64M
 Heap Max Capacity: 4G
 Pre-touch: Disabled
 Parallel Workers: 4
 Concurrent Workers: 1
 Concurrent Refinement Workers: 4
 Periodic GC: Disabled
Heap:
 garbage-first heap   total reserved 4194304K, committed 493568K, used 207115K [0x0000000700000000, 0x0000000800000000)
  region size 2048K, 14 young (28672K), 2 survivors (4096K)
 Metaspace       used 144992K, committed 147456K, reserved 1179648K
  class space    used 18893K, committed 20032K, reserved 1048576K
GC Heap History (20 events):
Event: 389.155 GC heap before
{Heap before GC invocations=66 (full 0):
 garbage-first heap   total reserved 4194304K, committed 317440K, used 170692K [0x0000000700000000, 0x0000000800000000)
  region size 2048K, 25 young (51200K), 1 survivors (2048K)
 Metaspace       used 130993K, committed 133376K, reserved 1179648K
  class space    used 17491K, committed 18624K, reserved 1048576K
}
Event: 389.212 GC heap after
{Heap after GC invocations=67 (full 0):
 garbage-first heap   total reserved 4194304K, committed 317440K, used 127674K [0x0000000700000000, 0x0000000800000000)
  region size 2048K, 3 young (6144K), 3 survivors (6144K)
 Metaspace       used 130993K, committed 133376K, reserved 1179648K
  class space    used 17491K, committed 18624K, reserved 1048576K
}
Event: 396.713 GC heap before
{Heap before GC invocations=67 (full 0):
 garbage-first heap   total reserved 4194304K, committed 317440K, used 172730K [0x0000000700000000, 0x0000000800000000)
  region size 2048K, 26 young (53248K), 3 survivors (6144K)
 Metaspace       used 132824K, committed 135232K, reserved 1179648K
  class space    used 17761K, committed 18880K, reserved 1048576K
}
Event: 396.910 GC heap after
{Heap after GC invocations=68 (full 0):
 garbage-first heap   total reserved 4194304K, committed 317440K, used 128550K [0x0000000700000000, 0x0000000800000000)
  region size 2048K, 4 young (8192K), 4 survivors (8192K)
 Metaspace       used 132824K, committed 135232K, reserved 1179648K
  class space    used 17761K, committed 18880K, reserved 1048576K
}
Event: 405.856 GC heap before
{Heap before GC invocations=68 (full 0):
 garbage-first heap   total reserved 4194304K, committed 317440K, used 165414K [0x0000000700000000, 0x0000000800000000)
  region size 2048K, 22 young (45056K), 4 survivors (8192K)
 Metaspace       used 135346K, committed 137792K, reserved 1179648K
  class space    used 18081K, committed 19264K, reserved 1048576K
}
Event: 405.925 GC heap after
{Heap after GC invocations=69 (full 0):
 garbage-first heap   total reserved 4194304K, committed 317440K, used 126365K [0x0000000700000000, 0x0000000800000000)
  region size 2048K, 1 young (2048K), 1 survivors (2048K)
 Metaspace       used 135346K, committed 137792K, reserved 1179648K
  class space    used 18081K, committed 19264K, reserved 1048576K
}
Event: 419.235 GC heap before
{Heap before GC invocations=69 (full 0):
 garbage-first heap   total reserved 4194304K, committed 317440K, used 204189K [0x0000000700000000, 0x0000000800000000)
  region size 2048K, 36 young (73728K), 1 survivors (2048K)
 Metaspace       used 139928K, committed 142400K, reserved 1179648K
  class space    used 18594K, committed 19776K, reserved 1048576K
}
Event: 419.375 GC heap after
{Heap after GC invocations=70 (full 0):
 garbage-first heap   total reserved 4194304K, committed 317440K, used 125763K [0x0000000700000000, 0x0000000800000000)
  region size 2048K, 3 young (6144K), 3 survivors (6144K)
 Metaspace       used 139928K, committed 142400K, reserved 1179648K
  class space    used 18594K, committed 19776K, reserved 1048576K
}
Event: 432.977 GC heap before
{Heap before GC invocations=70 (full 0):
 garbage-first heap   total reserved 4194304K, committed 317440K, used 166723K [0x0000000700000000, 0x0000000800000000)
  region size 2048K, 23 young (47104K), 3 survivors (6144K)
 Metaspace       used 140504K, committed 142912K, reserved 1179648K
  class space    used 18626K, committed 19776K, reserved 1048576K
}
Event: 433.121 GC heap after
{Heap after GC invocations=71 (full 0):
 garbage-first heap   total reserved 4194304K, committed 317440K, used 126601K [0x0000000700000000, 0x0000000800000000)
  region size 2048K, 3 young (6144K), 3 survivors (6144K)
 Metaspace       used 140504K, committed 142912K, reserved 1179648K
  class space    used 18626K, committed 19776K, reserved 1048576K
}
Event: 433.914 GC heap before
{Heap before GC invocations=71 (full 0):
 garbage-first heap   total reserved 4194304K, committed 317440K, used 163465K [0x0000000700000000, 0x0000000800000000)
  region size 2048K, 21 young (43008K), 3 survivors (6144K)
 Metaspace       used 140515K, committed 142912K, reserved 1179648K
  class space    used 18626K, committed 19776K, reserved 1048576K
}
Event: 434.017 GC heap after
{Heap after GC invocations=72 (full 0):
 garbage-first heap   total reserved 4194304K, committed 317440K, used 138962K [0x0000000700000000, 0x0000000800000000)
  region size 2048K, 3 young (6144K), 3 survivors (6144K)
 Metaspace       used 140515K, committed 142912K, reserved 1179648K
  class space    used 18626K, committed 19776K, reserved 1048576K
}
Event: 436.534 GC heap before
{Heap before GC invocations=72 (full 0):
 garbage-first heap   total reserved 4194304K, committed 317440K, used 177874K [0x0000000700000000, 0x0000000800000000)
  region size 2048K, 23 young (47104K), 3 survivors (6144K)
 Metaspace       used 140812K, committed 143232K, reserved 1179648K
  class space    used 18628K, committed 19776K, reserved 1048576K
}
Event: 436.695 GC heap after
{Heap after GC invocations=73 (full 0):
 garbage-first heap   total reserved 4194304K, committed 317440K, used 155648K [0x0000000700000000, 0x0000000800000000)
  region size 2048K, 3 young (6144K), 3 survivors (6144K)
 Metaspace       used 140812K, committed 143232K, reserved 1179648K
  class space    used 18628K, committed 19776K, reserved 1048576K
}
Event: 441.218 GC heap before
{Heap before GC invocations=73 (full 0):
 garbage-first heap   total reserved 4194304K, committed 317440K, used 174080K [0x0000000700000000, 0x0000000800000000)
  region size 2048K, 12 young (24576K), 3 survivors (6144K)
 Metaspace       used 141038K, committed 143488K, reserved 1179648K
  class space    used 18650K, committed 19840K, reserved 1048576K
}
Event: 441.295 GC heap after
{Heap after GC invocations=74 (full 0):
 garbage-first heap   total reserved 4194304K, committed 317440K, used 159744K [0x0000000700000000, 0x0000000800000000)
  region size 2048K, 2 young (4096K), 2 survivors (4096K)
 Metaspace       used 141038K, committed 143488K, reserved 1179648K
  class space    used 18650K, committed 19840K, reserved 1048576K
}
Event: 451.782 GC heap before
{Heap before GC invocations=74 (full 0):
 garbage-first heap   total reserved 4194304K, committed 317440K, used 233472K [0x0000000700000000, 0x0000000800000000)
  region size 2048K, 38 young (77824K), 2 survivors (4096K)
 Metaspace       used 141959K, committed 144384K, reserved 1179648K
  class space    used 18673K, committed 19840K, reserved 1048576K
}
Event: 451.998 GC heap after
{Heap after GC invocations=75 (full 0):
 garbage-first heap   total reserved 4194304K, committed 493568K, used 180224K [0x0000000700000000, 0x0000000800000000)
  region size 2048K, 5 young (10240K), 5 survivors (10240K)
 Metaspace       used 141959K, committed 144384K, reserved 1179648K
  class space    used 18673K, committed 19840K, reserved 1048576K
}
Event: 459.081 GC heap before
{Heap before GC invocations=75 (full 0):
 garbage-first heap   total reserved 4194304K, committed 493568K, used 202752K [0x0000000700000000, 0x0000000800000000)
  region size 2048K, 16 young (32768K), 5 survivors (10240K)
 Metaspace       used 143211K, committed 145664K, reserved 1179648K
  class space    used 18786K, committed 19968K, reserved 1048576K
}
Event: 459.189 GC heap after
{Heap after GC invocations=76 (full 0):
 garbage-first heap   total reserved 4194304K, committed 493568K, used 184587K [0x0000000700000000, 0x0000000800000000)
  region size 2048K, 2 young (4096K), 2 survivors (4096K)
 Metaspace       used 143211K, committed 145664K, reserved 1179648K
  class space    used 18786K, committed 19968K, reserved 1048576K
}

